<?xml version="1.0" encoding="UTF-8"?>
<!-- Generated by org.testng.reporters.JUnitReportReporter -->
<testsuite hostname="INLN56579460A" name="pom.pomtests.TestAddemp" tests="1" failures="0" timestamp="18 Jul 2021 06:56:03 GMT" time="22.138" errors="0">
  <testcase name="mobilelessThan10Digits" time="22.138" classname="pom.pomtests.TestAddemp"/>
</testsuite> <!-- pom.pomtests.TestAddemp -->
