<?xml version="1.0" encoding="UTF-8"?>
<!-- Generated by org.testng.reporters.JUnitReportReporter -->
<testsuite hostname="INLN56579460A" name="keyword.TestLogin" tests="1" failures="0" timestamp="18 Jul 2021 09:20:46 GMT" time="6.464" errors="0">
  <testcase name="performLogin" time="6.464" classname="keyword.TestLogin"/>
</testsuite> <!-- keyword.TestLogin -->
