<?xml version="1.0" encoding="UTF-8"?>
<!-- Generated by org.testng.reporters.JUnitReportReporter -->
<testsuite hostname="INLN56579460A" name="hybrid.TestLogin" tests="4" failures="0" timestamp="18 Jul 2021 09:19:53 GMT" time="5.812" errors="0">
  <testcase name="performLogin" time="2.454" classname="hybrid.TestLogin"/>
  <testcase name="performLogin" time="0.903" classname="hybrid.TestLogin"/>
  <testcase name="performLogin" time="1.222" classname="hybrid.TestLogin"/>
  <testcase name="performLogin" time="1.233" classname="hybrid.TestLogin"/>
</testsuite> <!-- hybrid.TestLogin -->
