<?xml version="1.0" encoding="UTF-8"?>
<!-- Generated by org.testng.reporters.JUnitReportReporter -->
<testsuite hostname="INLN56579460A" name="dataProviderPom.TestLogin" tests="4" failures="0" timestamp="18 Jul 2021 07:19:57 GMT" time="9.340" errors="0">
  <testcase name="testLogin" time="2.764" classname="dataProviderPom.TestLogin"/>
  <testcase name="testLogin" time="2.867" classname="dataProviderPom.TestLogin"/>
  <testcase name="testLogin" time="1.908" classname="dataProviderPom.TestLogin"/>
  <testcase name="testLogin" time="1.801" classname="dataProviderPom.TestLogin"/>
</testsuite> <!-- dataProviderPom.TestLogin -->
